#sa1.xml
1a001.xml
1a002.xml
1a003.xml
1a004.xml
1a005.xml
1a006.xml
1a007.xml
1a008.xml
1a009.xml
1a010.xml
1a011.xml
1a012.xml
1a013.xml
#sa2.xml
1a014.xml
1a015.xml
1a016.xml
1a017.xml
1a018.xml
1a019.xml
1a020.xml
1a021.xml
1a023.xml
1a024.xml
1a026.xml
1a027.xml
1a028.xml
1a029.xml
#sa3.xml
1a030.xml
1a031.xml
1a032.xml
1a033.xml
1a034.xml
1a035.xml
1a036.xml
1a037.xml
1a038.xml
1a039.xml
1a040.xml
1a041.xml
1a042.xml
1a043.xml
#sa4.xml
1a044.xml
1a045.xml
1a046.xml
1a047.xml
1a048.xml
1a049.xml
1a050.xml
1a051.xml
1a052.xml
#ma1.xml
1b001.xml
1b002.xml
1b003.xml
1b004.xml
1b005.xml
1b006.xml
1b007.xml
1b008.xml
1b009.xml
1b010.xml
1b011.xml
1b012.xml
1b013.xml
1b014.xml
1b015.xml
1b016.xml
1b017.xml
1b018.xml
1b019.xml
1b020.xml
1b021.xml
1b022.xml
1b023.xml
1b024.xml
1b025.xml
1b026.xml
1b027.xml
1b028.xml
1b029.xml
1b030.xml
1b031.xml
1b032.xml
1b033.xml
1b034.xml
1b035.xml
1b036.xml
1b037.xml
1b038.xml
1b039.xml
1b040.xml
1b041.xml
1b042.xml
1b043.xml
1b044.xml
1b045.xml
1b046.xml
1b047.xml
1b048.xml
1b049.xml
1b050.xml
1b051.xml
1b052.xml
1b053.xml
1b054.xml
1b055.xml
1b056.xml
1b057.xml
1b058.xml
1b059.xml
1b060.xml
1b061.xml
1b062.xml
1b063.xml
1b064.xml
1b065.xml
1b066.xml
1b067.xml
1b068.xml
#ma2.xml
1b069.xml
1b070.xml
1b071.xml
1b072.xml
1b073.xml
1b074.xml
1b075.xml
1b076.xml
1b077.xml
1b078.xml
1b079.xml
1b080.xml
1b081.xml
1b082.xml
1b083.xml
1b084.xml
1b085.xml
1b086.xml
1b087.xml
1b088.xml
1b089.xml
1b090.xml
1b091.xml
1b092.xml
1b093.xml
1b094.xml
1b095.xml
1b096.xml
1b097.xml
1b098.xml
1b099.xml
1b100.xml
1b101.xml
1b102.xml
1b103.xml
1b104.xml
1b105.xml
1b106.xml
1b107.xml
1b108.xml
1b109.xml
1b110.xml
1b111.xml
1b112.xml
1b113.xml
1b114.xml
1b115.xml
1b116.xml
1b117.xml
1b118.xml
1b119.xml
1b120.xml
1b121.xml
1b122.xml
1b123.xml
1b124.xml
1b125.xml
1b126.xml
1b127.xml
1b128.xml
1b129.xml
1b130.xml
1b131.xml
#ma3.xml
1b132.xml
1b133.xml
1b134.xml
1b135.xml
1b136.xml
1b137.xml
1b138.xml
1b139.xml
1b140.xml
1b141.xml
1b142.xml
1b143.xml
1b144.xml
1b145.xml
1b146.xml
1b147.xml
1b148.xml
1b149.xml
1b150.xml
1b151.xml
1b152.xml
1b153.xml
1b154.xml
1b155.xml
1b156.xml
1b157.xml
1b158.xml
1b159.xml
1b160.xml
1b161.xml
1b162.xml
1b163.xml
1b164.xml
1b165.xml
1b166.xml
1b167.xml
1b168.xml
1b169.xml
1b170.xml
1b171.xml
1b172.xml
1b173.xml
1b174.xml
1b175.xml
1b176.xml
1b177.xml
#ma4.xml
1b178.xml
1b179.xml
1b180.xml
1b181.xml
1b182.xml
1b183.xml
1b184.xml
1b185.xml
1b186.xml
1b187.xml
1b188.xml
1b189.xml
1b190.xml
1b191.xml
1b192.xml
1b193.xml
1b194.xml
1b195.xml
1b196.xml
1b197.xml
1b198.xml
1b199.xml
1b200.xml
1b201.xml
1b202.xml
1b203.xml
1b204.xml
1b205.xml
1b206.xml
1b207.xml
1b208.xml
1b209.xml
1b210.xml
1b211.xml
1b212.xml
1b213.xml
1b214.xml
1b215.xml
1b216.xml
1b217.xml
1b218.xml
1b219.xml
1b220.xml
1b221.xml
1b222.xml
#da1.xml
1c001.xml
1c001a.xml
1c002.xml
1c003.xml
1c004.xml
1c005-1.xml
1c005-2.xml
1c006-1.xml
1c006-2.xml
1c007.xml
1c008-1.xml
1c008-2.xml
1c009-1.xml
1c009-2.xml
1c010-1.xml
1c010-2.xml
1c010-3.xml
1c011-1.xml
1c011-2.xml
#da2.xml
1c012-1.xml
1c012-2.xml
1c012-3.xml
1c013.xml
1c014.xml
1c015-1.xml
1c015-2.xml
1c016-1.xml
1c016-2.xml
1c016-3.xml
1c017-1.xml
1c017-2.xml
1c017-3.xml
1c018-1.xml
1c018-2.xml
1c018-3.xml
1c019-1.xml
1c019-2.xml
1c020-1.xml
1c020-2.xml
1c020-3.xml
1c021-1.xml
1c021-2.xml
1c022-1.xml
1c022-2.xml
#ea1.xml
1d001.xml
1d001a.xml
1d002.xml
1d003.xml
1d004.xml
1d005.xml
1d006.xml
1d007.xml
1d008.xml
1d009.xml
1d010.xml
1d011.xml
1d012.xml
1d013.xml
1d014.xml
1d015.xml
1d016.xml
1d017-1.xml
1d017-2.xml
1d018.xml
1d019.xml
1d020.xml
1d021.xml
1d022.xml
#ea2.xml
1d023.xml
1d024-1.xml
1d024-2.xml
1d024-3.xml
1d025.xml
1d026-1.xml
1d026-2.xml
1d027.xml
1d028.xml
1d029.xml
1d030.xml
1d031.xml
1d032.xml
1d033.xml
#ea3.xml
1d034.xml
1d035.xml
1d036.xml
1d037-1.xml
1d037-2.xml
1d038-1.xml
1d038-2.xml
1d039.xml
1d040-1.xml
1d040-2.xml
1d041.xml
1d042-1.xml
1d042-2.xml
1d043-1.xml
1d043-2.xml
#ea4.xml
1d044.xml
1d045.xml
1d046.xml
1d047.xml
1d048-1.xml
1d048-2.xml
1d049-1.xml
1d049-2.xml
1d050.xml
1d051.xml
1d052-1.xml
1d052-2.xml